<?xml version="1.0" encoding="UTF-8"?>
<testng-results ignored="0" total="1" passed="1" failed="0" skipped="0">
  <reporter-output>
  </reporter-output>
  <suite started-at="2025-07-11T17:15:48 IST" name="Default suite" finished-at="2025-07-11T17:15:51 IST" duration-ms="3528">
    <groups>
    </groups>
    <test started-at="2025-07-11T17:15:48 IST" name="Default test" finished-at="2025-07-11T17:15:51 IST" duration-ms="3528">
      <class name="com.api.tests.LoginSuccessTest">
        <test-method signature="loginTest()[pri:0, instance:com.api.tests.LoginSuccessTest@273e7444]" started-at="2025-07-11T17:15:48 IST" name="loginTest" description="Verify if Login API is working...." finished-at="2025-07-11T17:15:51 IST" duration-ms="3451" status="PASS">
          <reporter-output>
          </reporter-output>
        </test-method> <!-- loginTest -->
      </class> <!-- com.api.tests.LoginSuccessTest -->
    </test> <!-- Default test -->
  </suite> <!-- Default suite -->
</testng-results>
